→ 连 wss://www.yuketang.cn/wsapp/ ...
[MSG] {"op": "requestlogin", "loginid": "02d92e1a-e7ad-4f1e-a247-ed707bf1ce64", "expire_seconds": 60, "ticket": "https://mp.weixin.qq.com/cgi-bin/showqrcode?ticket=gQHw8DwAAAAAAAAAAS5odHRwOi8vd2VpeGluLnFxLmNvbS9xLzAyc1A5d0Y4N2pkczExMUc2YnhHY1kAAgTqywFqAwSAOgkA", "qrcode": "http://weixin.qq.com/q/02sP9wF87

二维码内容: http://weixin.qq.com/q/02sP9wF87jds111G6bxGcY
二维码图: E:\道\道生一\一生二\学习复习\_qrcode_debug.png

█████████████████████████████████████
██ ▄▄▄▄▄ █  ▀▀ █▀▄ ▀█▄▄██ ▄█ ▄▄▄▄▄ ██
██ █   █ █▀█▄ ▀▄▄ ██ ▀▄▀█ ▄█ █   █ ██
██ █▄▄▄█ ████▄██▀▀ ▄▄██ █▄ █ █▄▄▄█ ██
██▄▄▄▄▄▄▄█ █ ▀ █ ▀ ▀ ▀▄█▄█▄█▄▄▄▄▄▄▄██
██ ▀▄ ▀▄▄ ▀▀█ ▄▀▀▄▀ ▀▀█▄▀▀█▀ ██ ▀▄ ██
███ █▄▄▄▄▄  ▀▀█▄██ ▀▄▀▀  ▄▄▄  ▄ █  ██
██▀█▄█  ▄▄▀ ▄  ▀ █▄██▄ ▄▄▄ ▀█ █▄█▀▄██
██▄▀▀█▄ ▄▄█▄██ ██▀█▄▄▄▄▀ ▀▄▀▀ ▄▀▀████
███▀▄▀ █▄█▄██▀ ▄▀▀ █▀█ ▄▄ ▀  █ ▀▄▀▀██
██▄ ▄▄ ▀▄▀ ▄▄▄▄ ▄▄█▀ ▀▄▄▀▀▄▄█▀ █▄ ███
██ ▄▀▀▄ ▄ █▀▄ ▄▀▄▀ ███▀▀ ▄██▀ █▄ █▀██
███▀ ▄█ ▄▀▄▀█▄ ▀▄ █▄█▄ ██▄█▄▄▄▀█▄▄▄██
██▄█▄█▄▄▄▄▀▀▀▀ ▀▄█ ▄  █▀█▄ ▄▄▄  █ ▄██
██ ▄▄▄▄▄ █ ▄ █ ▄ ██   ▄▄█  █▄█ █▀▄███
██ █   █ █▀ ██▄  █ ▄▄▀█▀  ▄▄▄▄▄█▄▀▀██
██ █▄▄▄█ █▄▄▀█ ▀▀▄▄ ▄█ █▄█▀█ ▄▀ ▄█▀██
██▄▄▄▄▄▄▄█▄▄█▄██▄██▄▄▄█▄█▄█▄▄██▄▄████
▀▀▀▀▀▀▀▀▀▀▀▀▀▀▀▀▀▀▀▀▀▀▀▀▀▀▀▀▀▀▀▀▀▀▀▀▀
× 超时
