[1;35m
╭────────────────────────────────────────────────────────────╮[0m
[1;35m│  Edge 逆流取 cookies · 反者道之动也                  │[0m
[1;35m│  不杀进程·不破锁·借NT内核·潜行无痕                   │[0m
[1;35m╰────────────────────────────────────────────────────────────╯[0m
[1;35m
[1] 复 Edge 锁定之 cookies 数据库...[0m
[32m✓ 探得 13 个 Edge 进程[0m
[36m→ 识 'File' 之 ObjectTypeIndex...[0m
[33m  × 未能识 File type index，将慢路径全查[0m
[36m→ 枚系统所有句柄...[0m
[90m  共 2645565 个句柄[0m
[90m  Edge 进程持有 5731 个[0m
[36m→ 逐句柄查名，寻 'Cookies'...[0m

  进度: 0/5731
  进度: 200/5731
  进度: 400/5731
  进度: 600/5731
  进度: 800/5731
  进度: 1000/5731
  进度: 1200/5731
  进度: 1400/5731
  进度: 1600/5731
  进度: 1800/5731
