[1;35m
╭───────────────────────────────────────────────╮[0m
[1;35m│  Playwright 法登录 · 借浏览器之自然            │[0m
[1;35m╰───────────────────────────────────────────────╯
[0m
[36m→ 启 chromium ...[0m
[36m→ 导航至 https://www.yuketang.cn/v2/web/login ...[0m
[90m  导航异(可忽): Page.goto: Timeout 20000ms exceeded.
Call log:
  - navigating to "https://www.yuketang.cn/v2/web/login", waiting until "domcontentloaded"
[0m
[33m
请在弹出之 chromium 中扫码登录雨课堂 ...[0m
[90m吾每秒查 cookies，得 sessionid 即归。[0m
[90m（亦可于此 chromium 中点 [密码登录] 用账户密码）
[0m
[90m  ... 守候 15s/360s[0m
[90m  ... 守候 30s/360s[0m
[90m  ... 守候 45s/360s[0m
[90m  ... 守候 60s/360s[0m
[90m  ... 守候 75s/360s[0m
[90m  ... 守候 90s/360s[0m
[90m  ... 守候 105s/360s[0m
[90m  ... 守候 120s/360s[0m
[90m  ... 守候 135s/360s[0m
[90m  ... 守候 150s/360s[0m
[90m  ... 守候 165s/360s[0m
[90m  ... 守候 180s/360s[0m
[90m  ... 守候 195s/360s[0m
[90m  ... 守候 210s/360s[0m
[90m  ... 守候 225s/360s[0m
[90m  ... 守候 240s/360s[0m
[90m  ... 守候 255s/360s[0m
[90m  ... 守候 270s/360s[0m
[90m  ... 守候 285s/360s[0m
[90m  ... 守候 300s/360s[0m
[90m  ... 守候 315s/360s[0m
[90m  ... 守候 330s/360s[0m
[90m  ... 守候 345s/360s[0m
[90m  ... 守候 360s/360s[0m
[31m× 超时未得 sessionid[0m
