[1;35m
╭──────────────────────────────────────────────────────────╮[0m
[1;35m│  课程 闭环 —— 反者，道之动也                                        │[0m
[1;35m╰──────────────────────────────────────────────────────────╯[0m
[90m  根: D:\道\道生一\一生二\学习复习[0m
[36m  待闭环 1 门课[0m
[1;35m
╭──────────────────────────────────────────────────────────╮[0m
[1;35m│  [1/1] 闭环：环境规划与管理                                        │[0m
[1;35m╰──────────────────────────────────────────────────────────╯[0m
[90m  原始: 环境规划与管理\01_原始PDF[0m
[90m  解析: 环境规划与管理\02_解析成果[0m
[90m  道喂: .道喂任务\环境规划与管理 (全局)[0m
[1;35m
┌── [提文][0m
[36m  共 11 PDF[0m
[90m  课程: 环境规划与管理 | 教师: 王思雨 | 学期: 2026春[0m
[32m  ✓ 001-part02-绪论-环境规划与管理.pdf                               ( 73页, 第0章, 0.4s)[0m
[32m  ✓ 002-part02-绪论-环境规划与管理.pdf                               (129页, 第0章, 0.3s)[0m
[32m  ✓ 003-第二三章环境规划与管理的政策方针法律法规-环境规划与管理.pdf                    (118页, 无章号, 0.3s)[0m
[32m  ✓ 004-第四章环境规划与管理中的综合分析方法-环境规划与管理.pdf                      (118页, 第4章, 0.2s)[0m
[32m  ✓ 004-第四章环境规划与管理中的综合分析方法-第四章环境规划与管理中的综合分析方法.pdf           (135页, 第4章, 0.2s)[0m
[32m  ✓ 005-第四章环境规划与管理中的综合分析方法-第四章环境规划与管理中的综合分析方法.pdf           (134页, 第4章, 0.2s)[0m
[32m  ✓ 006-第五章环境规划的基本内容和程序-第五章环境规划的基本内容和程序.pdf                 ( 76页, 第5章, 0.1s)[0m
[32m  ✓ 006-第五章环境规划的基本内容和程序-第四章环境规划与管理中的综合分析方法.pdf              (126页, 第4章, 0.3s)[0m
[32m  ✓ 007-第六章环境规划-第五章环境规划的基本内容和程序.pdf                         ( 77页, 第5章, 0.2s)[0m
[32m  ✓ 007-第六章环境规划-第六章环境规划.pdf                                 (115页, 第6章, 0.2s)[0m
[32m  ✓ 008-5月8日授课-第七章环境管理模式.pdf                                (106页, 第7章, 0.2s)[0m
[36m  └ 处 11 · 跳 0 · 重 0 · 失 0[0m
[32m└── [提文] ✓ (4.0s)[0m
[1;35m
┌── [聚合][0m
[32m  ✓ 6 章节 · 非教 0 · 未归 1[0m
[32m└── [聚合] ✓ (0.0s)[0m
[1;35m
┌── [素材][0m
[32m  ✓ 6 章 md → _素材/[0m
[32m└── [素材] ✓ (0.0s)[0m
[1;35m
┌── [道喂][0m
[36m  待填 6 章[0m
[32m  ✓ 第00章 → 第00章_绪论-环境规划与管理.json[0m
[32m  ✓ 第02章 → 第02章_绪论-环境规划与管理.json[0m
[32m  ✓ 第04章 → 第04章_环境规划与管理中的综合分析方法.json[0m
[32m  ✓ 第05章 → 第05章_环境规划的基本内容和程序.json[0m
[32m  ✓ 第06章 → 第06章_环境规划.json[0m
[32m  ✓ 第07章 → 第07章_环境管理模式.json[0m
[32m└── [道喂] ✓ (13.6s)[0m
[1;35m
┌── [回填][0m
[90m  ⊝ 无 _resp/ 目录（.道喂任务/环境规划与管理/_resp）[0m
[32m└── [回填] ✓ (0.0s)[0m
[1;35m
┌── [汇编][0m
[32m  ✓ 6 章 · 4 个汇编文件[0m
[32m└── [汇编] ✓ (0.0s)[0m
[1;35m
┌── [总览][0m
[32m  ✓ 总览 → 00_闭环总览.md (0/6 章已填, 6 任务, 0 回填)[0m
[32m└── [总览] ✓ (0.0s)[0m
[1;35m
╭──────────────────────────────────────────────────────────╮[0m
[1;35m│  闭环毕  用时 17.7s                                           │[0m
[1;35m╰──────────────────────────────────────────────────────────╯[0m
[36m  环境规划与管理                   [32m提文[0m → [32m聚合[0m → [32m素材[0m → [32m道喂[0m → [32m回填[0m → [32m汇编[0m → [32m总览[0m[0m
[1;35m
  道恒无为，而无不为。[0m
